<?xml version="1.0" encoding="UTF-8"?>
<!-- Generated by org.testng.reporters.JUnitReportReporter -->
<testsuite hostname="DESKTOP-N3438MH" failures="0" tests="2" name="com.mystore.testcases.HomePageTest" time="25.435" errors="0" timestamp="2025-03-11T20:54:14 IST" skipped="0">
  <testcase classname="com.mystore.testcases.HomePageTest" name="ValidateorderHistoryDetails" time="12.090"/>
  <testcase classname="com.mystore.testcases.HomePageTest" name="ValidatemyAddress" time="13.345"/>
</testsuite> <!-- com.mystore.testcases.HomePageTest -->
