<?xml version="1.0" encoding="UTF-8"?>
<!-- Generated by org.testng.reporters.JUnitReportReporter -->
<testsuite hostname="DESKTOP-N3438MH" failures="0" tests="2" name="com.mystore.testcases.SearchResultPageTest" time="13.149" errors="0" timestamp="2025-08-10T14:12:24 IST" skipped="0">
  <testcase classname="com.mystore.testcases.SearchResultPageTest" name="productAvalibility" time="6.201"/>
  <testcase classname="com.mystore.testcases.SearchResultPageTest" name="ClickonSearchedProduct" time="6.948"/>
</testsuite> <!-- com.mystore.testcases.SearchResultPageTest -->
