<?xml version="1.0" encoding="UTF-8"?>
<!-- Generated by org.testng.reporters.JUnitReportReporter -->
<testsuite hostname="DESKTOP-N3438MH" failures="0" tests="2" name="com.mystore.testcases.LoginPageTest" time="28.788" errors="0" timestamp="2025-08-10T14:12:24 IST" skipped="0">
  <testcase classname="com.mystore.testcases.LoginPageTest" name="login" time="9.955"/>
  <testcase classname="com.mystore.testcases.LoginPageTest" name="login" time="18.833"/>
</testsuite> <!-- com.mystore.testcases.LoginPageTest -->
