<?xml version="1.0" encoding="UTF-8"?>
<!-- Generated by org.testng.reporters.JUnitReportReporter -->
<testsuite hostname="DESKTOP-N3438MH" failures="0" tests="2" name="com.mystore.testcases.HomePageTest" time="17.139" errors="0" timestamp="2025-08-10T14:12:24 IST" skipped="0">
  <testcase classname="com.mystore.testcases.HomePageTest" name="ValidatemyAddress" time="9.076"/>
  <testcase classname="com.mystore.testcases.HomePageTest" name="ValidateorderHistoryDetails" time="8.063"/>
</testsuite> <!-- com.mystore.testcases.HomePageTest -->
