<?xml version="1.0" encoding="UTF-8"?>
<!-- Generated by org.testng.reporters.JUnitReportReporter -->
<testsuite hostname="DESKTOP-N3438MH" failures="0" tests="1" name="com.mystore.testcases.AccountCreationPageTest" time="8.192" errors="0" timestamp="2025-08-10T14:12:24 IST" skipped="0">
  <testcase classname="com.mystore.testcases.AccountCreationPageTest" name="createAccountTest" time="8.192"/>
</testsuite> <!-- com.mystore.testcases.AccountCreationPageTest -->
