<?xml version="1.0" encoding="UTF-8"?>
<!-- Generated by org.testng.reporters.JUnitReportReporter -->
<testsuite hostname="DESKTOP-N3438MH" failures="0" tests="1" name="com.mystore.testcases.AddToCartPageTest" time="36.108" errors="0" timestamp="2025-03-11T10:32:09 IST" skipped="0">
  <testcase classname="com.mystore.testcases.AddToCartPageTest" name="addToCartTest" time="36.108"/>
</testsuite> <!-- com.mystore.testcases.AddToCartPageTest -->
