<?xml version="1.0" encoding="UTF-8"?>
<!-- Generated by org.testng.reporters.JUnitReportReporter -->
<testsuite hostname="DESKTOP-N3438MH" failures="0" tests="1" name="com.mystore.testcases.OrderPageTest" time="36.904" errors="0" timestamp="2025-03-10T12:22:07 IST" skipped="0">
  <testcase classname="com.mystore.testcases.OrderPageTest" name="verifyTotalPrice" time="36.904"/>
</testsuite> <!-- com.mystore.testcases.OrderPageTest -->
