<?xml version="1.0" encoding="UTF-8"?>
<!-- Generated by org.testng.reporters.JUnitReportReporter -->
<testsuite hostname="DESKTOP-N3438MH" failures="0" tests="2" name="com.mystore.testcases.LoginPageTest" time="32.300" errors="0" timestamp="2025-03-10T12:22:07 IST" skipped="0">
  <testcase classname="com.mystore.testcases.LoginPageTest" name="login" time="17.346"/>
  <testcase classname="com.mystore.testcases.LoginPageTest" name="login" time="14.954"/>
</testsuite> <!-- com.mystore.testcases.LoginPageTest -->
