<?xml version="1.0" encoding="UTF-8"?>
<!-- Generated by org.testng.reporters.JUnitReportReporter -->
<testsuite hostname="DESKTOP-N3438MH" failures="0" tests="2" name="com.mystore.testcases.LoginPageTest" time="17.542" errors="0" timestamp="2025-08-10T20:40:14 IST" skipped="0">
  <testcase classname="com.mystore.testcases.LoginPageTest" name="login" time="7.888"/>
  <testcase classname="com.mystore.testcases.LoginPageTest" name="login" time="9.654"/>
</testsuite> <!-- com.mystore.testcases.LoginPageTest -->
