<?xml version="1.0" encoding="UTF-8"?>
<!-- Generated by org.testng.reporters.JUnitReportReporter -->
<testsuite hostname="DESKTOP-N3438MH" failures="0" tests="2" name="com.mystore.testcases.LoginPageTest" time="20.922" errors="0" timestamp="2025-08-10T20:28:07 IST" skipped="0">
  <testcase classname="com.mystore.testcases.LoginPageTest" name="login" time="7.691"/>
  <testcase classname="com.mystore.testcases.LoginPageTest" name="login" time="13.231"/>
</testsuite> <!-- com.mystore.testcases.LoginPageTest -->
